
> insteip-frontend@1.0.0 start
> ng serve --port 4200


[1mInitial chunk files[22m                                                                                    [2m | [22m[1mNames[22m                                                                       [2m | [22m [1mRaw size[22m
[32mmain.js[39m                                                                                                [2m | [22m[2mmain[22m                                                                        [2m | [22m  [36m3.06 MB[39m[2m | [22m
[32mpolyfills.js[39m                                                                                           [2m | [22m[2mpolyfills[22m                                                                   [2m | [22m[36m240.25 kB[39m[2m | [22m
[32mstyles.css, styles.js[39m                                                                                  [2m | [22m[2mstyles[22m                                                                      [2m | [22m[36m128.86 kB[39m[2m | [22m
[32mruntime.js[39m                                                                                             [2m | [22m[2mruntime[22m                                                                     [2m | [22m [36m12.91 kB[39m[2m | [22m

[1m [22m                                                                                                      [2m | [22m[1mInitial total[22m                                                               [2m | [22m  [1m3.44 MB[22m

[1mLazy chunk files[22m                                                                                       [2m | [22m[1mNames[22m                                                                       [2m | [22m [1mRaw size[22m
[32mdefault-node_modules_angular_forms_fesm2022_forms_mjs.js[39m                                               [2m | [22m[2mfeatures-por-que-elegirnos-por-que-elegirnos-component[22m                      [2m | [22m[36m289.06 kB[39m[2m | [22m
[32msrc_app_features_inicio_inicio_component_ts.js[39m                                                         [2m | [22m[2mfeatures-inicio-inicio-component[22m                                            [2m | [22m[36m209.66 kB[39m[2m | [22m
[32msrc_app_features_certificacion_certificacion_component_ts.js[39m                                           [2m | [22m[2mfeatures-certificacion-certificacion-component[22m                              [2m | [22m[36m175.88 kB[39m[2m | [22m
[32msrc_app_features_dashboard_cursos_curso-detalle_curso-detalle_component_ts.js[39m                          [2m | [22m[2mfeatures-dashboard-cursos-curso-detalle-curso-detalle-component[22m             [2m | [22m[36m174.88 kB[39m[2m | [22m
[32mdefault-src_app_core_components_footer_footer_component_ts-src_app_core_components_navbar_nav-e7736e.js[39m[2m | [22m[2mfeatures-inicio-inicio-component[22m                                            [2m | [22m[36m168.11 kB[39m[2m | [22m
[32msrc_app_features_dashboard_cursos_cursos_component_ts.js[39m                                               [2m | [22m[2mfeatures-dashboard-cursos-cursos-component[22m                                  [2m | [22m[36m133.38 kB[39m[2m | [22m
[32msrc_app_features_dashboard_play-curso_play-curso_component_ts.js[39m                                       [2m | [22m[2mfeatures-dashboard-play-curso-play-curso-component[22m                          [2m | [22m[36m104.99 kB[39m[2m | [22m
[32msrc_app_features_dashboard_alumnos_alumnos_component_ts.js[39m                                             [2m | [22m[2mfeatures-dashboard-alumnos-alumnos-component[22m                                [2m | [22m [36m90.36 kB[39m[2m | [22m
[32msrc_app_features_dashboard_dashboard-home_dashboard-home_component_ts.js[39m                               [2m | [22m[2mfeatures-dashboard-dashboard-home-dashboard-home-component[22m                  [2m | [22m [36m88.30 kB[39m[2m | [22m
[32msrc_app_features_auth_login_login_component_ts.js[39m                                                      [2m | [22m[2mfeatures-auth-login-login-component[22m                                         [2m | [22m [36m88.02 kB[39m[2m | [22m
[32msrc_app_features_cursos_curso-detalle-publico_curso-detalle-publico_component_ts.js[39m                    [2m | [22m[2mfeatures-cursos-curso-detalle-publico-curso-detalle-publico-component[22m       [2m | [22m [36m79.31 kB[39m[2m | [22m
[32msrc_app_features_dashboard_videos_videos_component_ts.js[39m                                               [2m | [22m[2mfeatures-dashboard-videos-videos-component[22m                                  [2m | [22m [36m78.14 kB[39m[2m | [22m
[32msrc_app_features_dashboard_dashboard_component_ts.js[39m                                                   [2m | [22m[2mfeatures-dashboard-dashboard-component[22m                                      [2m | [22m [36m75.84 kB[39m[2m | [22m
[32msrc_app_features_dashboard_docentes_docentes_component_ts.js[39m                                           [2m | [22m[2mfeatures-dashboard-docentes-docentes-component[22m                              [2m | [22m [36m72.14 kB[39m[2m | [22m
[32msrc_app_features_dashboard_certificados_certificados_component_ts.js[39m                                   [2m | [22m[2mfeatures-dashboard-certificados-certificados-component[22m                      [2m | [22m [36m60.42 kB[39m[2m | [22m
[32msrc_app_features_dashboard_materiales_materiales_component_ts.js[39m                                       [2m | [22m[2mfeatures-dashboard-materiales-materiales-component[22m                          [2m | [22m [36m56.70 kB[39m[2m | [22m
[32msrc_app_features_por-que-elegirnos_por-que-elegirnos_component_ts.js[39m                                   [2m | [22m[2mfeatures-por-que-elegirnos-por-que-elegirnos-component[22m                      [2m | [22m [36m52.60 kB[39m[2m | [22m
[32msrc_app_features_dashboard_auditoria_auditoria_component_ts.js[39m                                         [2m | [22m[2mfeatures-dashboard-auditoria-auditoria-component[22m                            [2m | [22m [36m50.95 kB[39m[2m | [22m
[32msrc_app_features_dashboard_perfil_perfil_component_ts.js[39m                                               [2m | [22m[2mfeatures-dashboard-perfil-perfil-component[22m                                  [2m | [22m [36m49.38 kB[39m[2m | [22m
[32msrc_app_features_dashboard_configuracion_configuracion_component_ts.js[39m                                 [2m | [22m[2mfeatures-dashboard-configuracion-configuracion-component[22m                    [2m | [22m [36m47.40 kB[39m[2m | [22m
[32msrc_app_features_dashboard_sistema_sistema_component_ts.js[39m                                             [2m | [22m[2mfeatures-dashboard-sistema-sistema-component[22m                                [2m | [22m [36m40.06 kB[39m[2m | [22m
[32msrc_app_features_programas_programas_component_ts.js[39m                                                   [2m | [22m[2mfeatures-programas-programas-component[22m                                      [2m | [22m [36m29.75 kB[39m[2m | [22m
[32msrc_app_features_cursos_cursos_component_ts.js[39m                                                         [2m | [22m[2mfeatures-cursos-cursos-component[22m                                            [2m | [22m [36m28.53 kB[39m[2m | [22m
[32mcommon.js[39m                                                                                              [2m | [22m[2mcommon[22m                                                                      [2m | [22m [36m26.12 kB[39m[2m | [22m
[32msrc_app_features_dashboard_docente_mis-alumnos-docente_mis-alumnos-docente_component_ts.js[39m             [2m | [22m[2mfeatures-dashboard-docente-mis-alumnos-docente-mis-alumnos-docente-component[22m[2m | [22m [36m25.57 kB[39m[2m | [22m
[32msrc_app_features_dashboard_docente_mis-cursos-docente_mis-cursos-docente_component_ts.js[39m               [2m | [22m[2mfeatures-dashboard-docente-mis-cursos-docente-mis-cursos-docente-component[22m  [2m | [22m [36m24.02 kB[39m[2m | [22m
[32msrc_app_features_dashboard_mis-cursos_mis-cursos_component_ts.js[39m                                       [2m | [22m[2mfeatures-dashboard-mis-cursos-mis-cursos-component[22m                          [2m | [22m [36m23.14 kB[39m[2m | [22m
[32mdefault-src_app_core_components_confirm-modal_confirm-modal_component_ts-src_app_core_service-22fa94.js[39m[2m | [22m[2mfeatures-dashboard-cursos-curso-detalle-curso-detalle-component[22m             [2m | [22m [36m21.00 kB[39m[2m | [22m
[32msrc_app_features_validar-certificado_validar-certificado_component_ts.js[39m                               [2m | [22m[2mfeatures-validar-certificado-validar-certificado-component[22m                  [2m | [22m [36m16.77 kB[39m[2m | [22m
[32msrc_app_features_recursos_recursos_component_ts.js[39m                                                     [2m | [22m[2mfeatures-recursos-recursos-component[22m                                        [2m | [22m  [36m9.67 kB[39m[2m | [22m

Build at: 2026-07-08T22:41:27.481Z - Hash: 3143fb2edecbaea4 - Time: 6250ms

** Angular Live Development Server is listening on localhost:4200, open your browser on http://localhost:4200/ **


√ Compiled successfully.
